<?xml version="1.0" encoding="UTF-8"?>
<!-- Generated by org.testng.reporters.JUnitReportReporter -->
<testsuite hostname="LAPTOP-DK6TK74Q" failures="0" tests="1" name="TestNG.practice.getDate" time="0.032" errors="0" timestamp="2021-11-02T15:56:35 IST" skipped="0">
  <testcase classname="TestNG.practice.getDate" name="getDateTest" time="0.032"/>
  <system-out/>
</testsuite> <!-- TestNG.practice.getDate -->
