<?xml version="1.0" encoding="UTF-8"?>
<!-- Generated by org.testng.reporters.JUnitReportReporter -->
<testsuite hostname="LAPTOP-DK6TK74Q" failures="0" tests="3" name="com.vTiger.testcases.CreateOrganisationTest" time="97.006" errors="0" timestamp="2021-11-01T16:51:07 IST" skipped="0">
  <testcase classname="com.vTiger.testcases.CreateOrganisationTest" name="createOrganisationTest" time="28.143"/>
  <system-out>
Organisation Created Verification Passed  </system-out>
  <testcase classname="com.vTiger.testcases.CreateOrganisationTest" name="createOrganisationTest" time="34.636"/>
  <system-out>
Organisation Created Verification Passed  </system-out>
  <testcase classname="com.vTiger.testcases.CreateOrganisationTest" name="createOrganisationTest" time="34.227"/>
  <system-out>
Organisation Created Verification Passed  </system-out>
</testsuite> <!-- com.vTiger.testcases.CreateOrganisationTest -->
