<?xml version="1.0" encoding="UTF-8"?>
<!-- Generated by org.testng.reporters.JUnitReportReporter -->
<testsuite hostname="LAPTOP-DK6TK74Q" failures="0" tests="1" name="com.vTiger.testcases.CreateContactWithOrganisation" time="50.536" errors="0" timestamp="2021-10-29T12:39:09 IST" skipped="0">
  <testcase classname="com.vTiger.testcases.CreateContactWithOrganisation" name="createContactWithOrganisation" time="50.536"/>
  <system-out/>
</testsuite> <!-- com.vTiger.testcases.CreateContactWithOrganisation -->
