<?xml version="1.0" encoding="UTF-8"?>
<!-- Generated by org.testng.reporters.JUnitReportReporter -->
<testsuite hostname="LAPTOP-DK6TK74Q" failures="0" tests="1" name="DDT.practice.ReadParameterFromXMLFileTest" time="0.018" errors="0" timestamp="26 Oct 2021 09:26:20 GMT" skipped="0">
  <testcase classname="DDT.practice.ReadParameterFromXMLFileTest" name="readParamFromXMLTest" time="0.018"/>
</testsuite> <!-- DDT.practice.ReadParameterFromXMLFileTest -->
