<?xml version="1.0" encoding="UTF-8"?>
<!-- Generated by org.testng.reporters.JUnitReportReporter -->
<testsuite hostname="LAPTOP-DK6TK74Q" failures="0" tests="1" name="JDBC.practice.ExecuteQuery" time="0.522" errors="0" timestamp="2021-10-28T12:02:29 IST" skipped="0">
  <testcase classname="JDBC.practice.ExecuteQuery" name="executeQueryTest" time="0.522"/>
  <system-out/>
</testsuite> <!-- JDBC.practice.ExecuteQuery -->
