<?xml version="1.0" encoding="UTF-8"?>
<!-- Generated by org.testng.reporters.JUnitReportReporter -->
<testsuite hostname="LAPTOP-DK6TK74Q" failures="0" tests="1" name="com.vTiger.testcases.CreateOrganisationTest" time="32.243" errors="0" timestamp="2021-10-29T12:31:14 IST" skipped="0">
  <testcase classname="com.vTiger.testcases.CreateOrganisationTest" name="createOrganisationTest" time="32.243"/>
  <system-out/>
</testsuite> <!-- com.vTiger.testcases.CreateOrganisationTest -->
