<?xml version="1.0" encoding="UTF-8"?>
<!-- Generated by org.testng.reporters.JUnitReportReporter -->
<testsuite hostname="LAPTOP-DK6TK74Q" failures="0" tests="1" name="com.vtiger.genericutil.JavaUtility" time="0.017" errors="0" timestamp="2021-10-29T11:49:29 IST" skipped="0">
  <testcase classname="com.vtiger.genericutil.JavaUtility" name="generateRandomNumber" time="0.017"/>
  <system-out/>
</testsuite> <!-- com.vtiger.genericutil.JavaUtility -->
