<?xml version="1.0" encoding="UTF-8"?>
<!-- Generated by org.testng.reporters.JUnitReportReporter -->
<testsuite hostname="LAPTOP-DK6TK74Q" failures="0" tests="3" name="com.vTiger.testcases.DataProvider" time="0.016" errors="0" timestamp="2021-11-02T17:24:15 IST" skipped="0">
  <testcase classname="com.vTiger.testcases.DataProvider" name="getData" time="0.012"/>
  <system-out/>
  <testcase classname="com.vTiger.testcases.DataProvider" name="getData" time="0.002"/>
  <system-out/>
  <testcase classname="com.vTiger.testcases.DataProvider" name="getData" time="0.002"/>
  <system-out/>
</testsuite> <!-- com.vTiger.testcases.DataProvider -->
