<?xml version="1.0" encoding="UTF-8"?>
<!-- Generated by org.testng.reporters.JUnitReportReporter -->
<testsuite hostname="LAPTOP-DK6TK74Q" failures="0" tests="1" name="com.vTiger.testcases.CreateOrganisationWithIndustry" time="24.181" errors="0" timestamp="2021-11-01T13:03:56 IST" skipped="0">
  <testcase classname="com.vTiger.testcases.CreateOrganisationWithIndustry" name="createOrganisationWithIndustry" time="24.181"/>
  <system-out/>
</testsuite> <!-- com.vTiger.testcases.CreateOrganisationWithIndustry -->
