<?xml version="1.0" encoding="UTF-8"?>
<!-- Generated by org.testng.reporters.JUnitReportReporter -->
<testsuite hostname="LAPTOP-DK6TK74Q" failures="0" tests="1" name="DDT.practice.ReadTheDataFromJSONFileTest" time="0.031" errors="0" timestamp="2021-10-26T16:27:42 IST" skipped="0">
  <testcase classname="DDT.practice.ReadTheDataFromJSONFileTest" name="readTheDataFromJsonFile" time="0.031"/>
  <system-out/>
</testsuite> <!-- DDT.practice.ReadTheDataFromJSONFileTest -->
