<?xml version="1.0" encoding="UTF-8"?>
<!-- Generated by org.testng.reporters.JUnitReportReporter -->
<testsuite hostname="LAPTOP-DK6TK74Q" failures="0" tests="1" name="com.vTiger.testcases.CreateContactWithOrganisation" time="76.383" errors="0" timestamp="2021-11-01T17:32:51 IST" skipped="0">
  <testcase classname="com.vTiger.testcases.CreateContactWithOrganisation" name="createContactWithOrganisation" time="76.383"/>
  <system-out/>
</testsuite> <!-- com.vTiger.testcases.CreateContactWithOrganisation -->
