<?xml version="1.0" encoding="UTF-8"?>
<!-- Generated by org.testng.reporters.JUnitReportReporter -->
<testsuite hostname="LAPTOP-DK6TK74Q" failures="0" tests="1" name="JDBC.practice.ExecuteUpdate" time="0.423" errors="0" timestamp="2021-10-28T12:09:12 IST" skipped="0">
  <testcase classname="JDBC.practice.ExecuteUpdate" name="executeUpdateTest" time="0.423"/>
  <system-out/>
</testsuite> <!-- JDBC.practice.ExecuteUpdate -->
