<?xml version="1.0" encoding="UTF-8"?>
<!-- Generated by org.testng.reporters.JUnitReportReporter -->
<testsuite hostname="LAPTOP-DK6TK74Q" failures="0" tests="1" name="com.vTiger.testcases.CreateOrganisationWithIndustry" time="31.278" errors="0" timestamp="2021-10-29T12:32:47 IST" skipped="0">
  <testcase classname="com.vTiger.testcases.CreateOrganisationWithIndustry" name="createOrganisationWithIndustry" time="31.278"/>
  <system-out/>
</testsuite> <!-- com.vTiger.testcases.CreateOrganisationWithIndustry -->
