<?xml version="1.0" encoding="UTF-8"?>
<!-- Generated by org.testng.reporters.JUnitReportReporter -->
<testsuite hostname="LAPTOP-DK6TK74Q" failures="0" tests="1" name="DDT.practice.CreateUserTest" time="0.041" errors="0" timestamp="2021-10-26T15:36:51 IST" skipped="0">
  <testcase classname="DDT.practice.CreateUserTest" name="createUserTest" time="0.041"/>
  <system-out/>
</testsuite> <!-- DDT.practice.CreateUserTest -->
