<?xml version="1.0" encoding="UTF-8"?>
<!-- Generated by org.testng.reporters.JUnitReportReporter -->
<testsuite hostname="LAPTOP-DK6TK74Q" failures="0" tests="2" name="TestNG.practice.SampleTest" time="0.012" errors="0" timestamp="2021-11-01T11:43:15 IST" skipped="0">
  <testcase classname="TestNG.practice.SampleTest" name="createOrganization" time="0.010"/>
  <system-out/>
  <testcase classname="TestNG.practice.SampleTest" name="modifyOrganization" time="0.002"/>
  <system-out/>
</testsuite> <!-- TestNG.practice.SampleTest -->
