<?xml version="1.0" encoding="UTF-8"?>
<!-- Generated by org.testng.reporters.JUnitReportReporter -->
<testsuite hostname="LAPTOP-DK6TK74Q" failures="0" tests="1" name="JDBC.practice.VerifyTheTableTest" time="7.446" errors="0" timestamp="2021-10-28T11:19:10 IST" skipped="0">
  <testcase classname="JDBC.practice.VerifyTheTableTest" name="verifyTheTableTest" time="7.446"/>
  <system-out/>
</testsuite> <!-- JDBC.practice.VerifyTheTableTest -->
